c:\users\97254\desktop\עידן\לימודים\שנה א\מונחה עצמים\chess_mfc-master\chess_mfc\debug\mfcchass.pch
c:\users\97254\desktop\עידן\לימודים\שנה א\מונחה עצמים\chess_mfc-master\chess_mfc\debug\vc142.pdb
c:\users\97254\desktop\עידן\לימודים\שנה א\מונחה עצמים\chess_mfc-master\chess_mfc\debug\vc142.idb
c:\users\97254\desktop\עידן\לימודים\שנה א\מונחה עצמים\chess_mfc-master\chess_mfc\debug\pch.obj
c:\users\97254\desktop\עידן\לימודים\שנה א\מונחה עצמים\chess_mfc-master\chess_mfc\debug\helper.obj
c:\users\97254\desktop\עידן\לימודים\שנה א\מונחה עצמים\chess_mfc-master\chess_mfc\debug\rooks.obj
c:\users\97254\desktop\עידן\לימודים\שנה א\מונחה עצמים\chess_mfc-master\chess_mfc\debug\queen.obj
c:\users\97254\desktop\עידן\לימודים\שנה א\מונחה עצמים\chess_mfc-master\chess_mfc\debug\pieceselect.obj
c:\users\97254\desktop\עידן\לימודים\שנה א\מונחה עצמים\chess_mfc-master\chess_mfc\debug\piece.obj
c:\users\97254\desktop\עידן\לימודים\שנה א\מונחה עצמים\chess_mfc-master\chess_mfc\debug\pawn.obj
c:\users\97254\desktop\עידן\לימודים\שנה א\מונחה עצמים\chess_mfc-master\chess_mfc\debug\mfcchassdlg.obj
c:\users\97254\desktop\עידן\לימודים\שנה א\מונחה עצמים\chess_mfc-master\chess_mfc\debug\mfcchass.obj
c:\users\97254\desktop\עידן\לימודים\שנה א\מונחה עצמים\chess_mfc-master\chess_mfc\debug\knight.obj
c:\users\97254\desktop\עידן\לימודים\שנה א\מונחה עצמים\chess_mfc-master\chess_mfc\debug\king.obj
c:\users\97254\desktop\עידן\לימודים\שנה א\מונחה עצמים\chess_mfc-master\chess_mfc\debug\board.obj
c:\users\97254\desktop\עידן\לימודים\שנה א\מונחה עצמים\chess_mfc-master\chess_mfc\debug\bishop.obj
c:\users\97254\desktop\עידן\לימודים\שנה א\מונחה עצמים\chess_mfc-master\chess_mfc\debug\mfcchass.ilk
c:\users\97254\desktop\עידן\לימודים\שנה א\מונחה עצמים\chess_mfc-master\chess_mfc\debug\mfcchass.exe
c:\users\97254\desktop\עידן\לימודים\שנה א\מונחה עצמים\chess_mfc-master\chess_mfc\debug\mfcchass.pdb
c:\users\97254\desktop\עידן\לימודים\שנה א\מונחה עצמים\chess_mfc-master\chess_mfc\debug\mfcchass.res
c:\users\97254\desktop\עידן\לימודים\שנה א\מונחה עצמים\chess_mfc-master\chess_mfc\debug\mfcchass.tlog\cl.command.1.tlog
c:\users\97254\desktop\עידן\לימודים\שנה א\מונחה עצמים\chess_mfc-master\chess_mfc\debug\mfcchass.tlog\cl.read.1.tlog
c:\users\97254\desktop\עידן\לימודים\שנה א\מונחה עצמים\chess_mfc-master\chess_mfc\debug\mfcchass.tlog\cl.write.1.tlog
c:\users\97254\desktop\עידן\לימודים\שנה א\מונחה עצמים\chess_mfc-master\chess_mfc\debug\mfcchass.tlog\link.command.1.tlog
c:\users\97254\desktop\עידן\לימודים\שנה א\מונחה עצמים\chess_mfc-master\chess_mfc\debug\mfcchass.tlog\link.read.1.tlog
c:\users\97254\desktop\עידן\לימודים\שנה א\מונחה עצמים\chess_mfc-master\chess_mfc\debug\mfcchass.tlog\link.write.1.tlog
c:\users\97254\desktop\עידן\לימודים\שנה א\מונחה עצמים\chess_mfc-master\chess_mfc\debug\mfcchass.tlog\rc.command.1.tlog
c:\users\97254\desktop\עידן\לימודים\שנה א\מונחה עצמים\chess_mfc-master\chess_mfc\debug\mfcchass.tlog\rc.read.1.tlog
c:\users\97254\desktop\עידן\לימודים\שנה א\מונחה עצמים\chess_mfc-master\chess_mfc\debug\mfcchass.tlog\rc.write.1.tlog
